2020-06-27 15:50:15,671|ExecutorConfigurationSupport.java|171|Initializing ExecutorService 'taskSchedudler'
2020-06-27 15:59:24,576|ExecutorConfigurationSupport.java|171|Initializing ExecutorService 'taskSchedudler'
2020-06-27 20:51:48,418|ExecutorConfigurationSupport.java|171|Initializing ExecutorService 'taskSchedudler'
2020-06-27 20:55:36,189|ExecutorConfigurationSupport.java|171|Initializing ExecutorService 'taskSchedudler'
2020-06-27 21:01:20,433|PostProcessorRegistrationDelegate.java|330|Bean '(inner bean)#43015c69' of type [java.util.concurrent.ThreadPoolExecutor$AbortPolicy] is not eligible for getting processed by all BeanPostProcessors (for example: not eligible for auto-proxying)
2020-06-27 21:01:20,451|ExecutorConfigurationSupport.java|171|Initializing ExecutorService
2020-06-27 21:01:20,453|PostProcessorRegistrationDelegate.java|330|Bean 'taskExecutor' of type [org.springframework.scheduling.config.TaskExecutorFactoryBean] is not eligible for getting processed by all BeanPostProcessors (for example: not eligible for auto-proxying)
2020-06-27 21:01:20,454|PostProcessorRegistrationDelegate.java|330|Bean 'taskExecutor' of type [org.springframework.scheduling.concurrent.ThreadPoolTaskExecutor] is not eligible for getting processed by all BeanPostProcessors (for example: not eligible for auto-proxying)
2020-06-27 21:01:20,504|ExecutorConfigurationSupport.java|208|Shutting down ExecutorService
2020-06-27 21:02:41,896|PostProcessorRegistrationDelegate.java|330|Bean '(inner bean)#43015c69' of type [java.util.concurrent.ThreadPoolExecutor$AbortPolicy] is not eligible for getting processed by all BeanPostProcessors (for example: not eligible for auto-proxying)
2020-06-27 21:02:41,910|ExecutorConfigurationSupport.java|171|Initializing ExecutorService
2020-06-27 21:02:41,912|PostProcessorRegistrationDelegate.java|330|Bean 'taskExecutor' of type [org.springframework.scheduling.config.TaskExecutorFactoryBean] is not eligible for getting processed by all BeanPostProcessors (for example: not eligible for auto-proxying)
2020-06-27 21:02:41,912|PostProcessorRegistrationDelegate.java|330|Bean 'taskExecutor' of type [org.springframework.scheduling.concurrent.ThreadPoolTaskExecutor] is not eligible for getting processed by all BeanPostProcessors (for example: not eligible for auto-proxying)
2020-06-27 21:02:41,971|ExecutorConfigurationSupport.java|171|Initializing ExecutorService 'taskSchedudler'
2020-06-27 21:02:41,972|PostProcessorRegistrationDelegate.java|330|Bean 'taskSchedudler' of type [org.springframework.scheduling.concurrent.ThreadPoolTaskScheduler] is not eligible for getting processed by all BeanPostProcessors (for example: not eligible for auto-proxying)
2020-06-27 21:04:21,700|PostProcessorRegistrationDelegate.java|330|Bean '(inner bean)#4bbf6d0e' of type [java.util.concurrent.ThreadPoolExecutor$AbortPolicy] is not eligible for getting processed by all BeanPostProcessors (for example: not eligible for auto-proxying)
2020-06-27 21:04:21,713|ExecutorConfigurationSupport.java|171|Initializing ExecutorService
2020-06-27 21:04:21,714|PostProcessorRegistrationDelegate.java|330|Bean 'taskExecutor' of type [org.springframework.scheduling.config.TaskExecutorFactoryBean] is not eligible for getting processed by all BeanPostProcessors (for example: not eligible for auto-proxying)
2020-06-27 21:04:21,715|PostProcessorRegistrationDelegate.java|330|Bean 'taskExecutor' of type [org.springframework.scheduling.concurrent.ThreadPoolTaskExecutor] is not eligible for getting processed by all BeanPostProcessors (for example: not eligible for auto-proxying)
2020-06-27 21:04:21,758|ExecutorConfigurationSupport.java|171|Initializing ExecutorService 'taskSchedudler'
2020-06-27 21:04:21,759|PostProcessorRegistrationDelegate.java|330|Bean 'taskSchedudler' of type [org.springframework.scheduling.concurrent.ThreadPoolTaskScheduler] is not eligible for getting processed by all BeanPostProcessors (for example: not eligible for auto-proxying)
2020-06-27 21:08:57,017|PostProcessorRegistrationDelegate.java|330|Bean '(inner bean)#3eb91815' of type [java.util.concurrent.ThreadPoolExecutor$AbortPolicy] is not eligible for getting processed by all BeanPostProcessors (for example: not eligible for auto-proxying)
2020-06-27 21:08:57,029|ExecutorConfigurationSupport.java|171|Initializing ExecutorService
2020-06-27 21:08:57,030|PostProcessorRegistrationDelegate.java|330|Bean 'taskExecutor' of type [org.springframework.scheduling.config.TaskExecutorFactoryBean] is not eligible for getting processed by all BeanPostProcessors (for example: not eligible for auto-proxying)
2020-06-27 21:08:57,031|PostProcessorRegistrationDelegate.java|330|Bean 'taskExecutor' of type [org.springframework.scheduling.concurrent.ThreadPoolTaskExecutor] is not eligible for getting processed by all BeanPostProcessors (for example: not eligible for auto-proxying)
2020-06-27 21:08:57,071|ExecutorConfigurationSupport.java|171|Initializing ExecutorService 'taskSchedudler'
2020-06-27 21:08:57,071|PostProcessorRegistrationDelegate.java|330|Bean 'taskSchedudler' of type [org.springframework.scheduling.concurrent.ThreadPoolTaskScheduler] is not eligible for getting processed by all BeanPostProcessors (for example: not eligible for auto-proxying)
2020-08-19 13:46:54,310|PostProcessorRegistrationDelegate.java|330|Bean '(inner bean)#205d38da' of type [java.util.concurrent.ThreadPoolExecutor$AbortPolicy] is not eligible for getting processed by all BeanPostProcessors (for example: not eligible for auto-proxying)
2020-08-19 13:46:54,334|ExecutorConfigurationSupport.java|171|Initializing ExecutorService
2020-08-19 13:46:54,335|PostProcessorRegistrationDelegate.java|330|Bean 'taskExecutor' of type [org.springframework.scheduling.config.TaskExecutorFactoryBean] is not eligible for getting processed by all BeanPostProcessors (for example: not eligible for auto-proxying)
2020-08-19 13:46:54,335|PostProcessorRegistrationDelegate.java|330|Bean 'taskExecutor' of type [org.springframework.scheduling.concurrent.ThreadPoolTaskExecutor] is not eligible for getting processed by all BeanPostProcessors (for example: not eligible for auto-proxying)
2020-08-19 13:46:54,380|ExecutorConfigurationSupport.java|171|Initializing ExecutorService 'taskSchedudler'
2020-08-19 13:46:54,383|PostProcessorRegistrationDelegate.java|330|Bean 'taskSchedudler' of type [org.springframework.scheduling.concurrent.ThreadPoolTaskScheduler] is not eligible for getting processed by all BeanPostProcessors (for example: not eligible for auto-proxying)
2020-08-19 14:10:11,998|PostProcessorRegistrationDelegate.java|330|Bean '(inner bean)#205d38da' of type [java.util.concurrent.ThreadPoolExecutor$AbortPolicy] is not eligible for getting processed by all BeanPostProcessors (for example: not eligible for auto-proxying)
2020-08-19 14:10:12,010|ExecutorConfigurationSupport.java|171|Initializing ExecutorService
2020-08-19 14:10:12,010|PostProcessorRegistrationDelegate.java|330|Bean 'taskExecutor' of type [org.springframework.scheduling.config.TaskExecutorFactoryBean] is not eligible for getting processed by all BeanPostProcessors (for example: not eligible for auto-proxying)
2020-08-19 14:10:12,011|PostProcessorRegistrationDelegate.java|330|Bean 'taskExecutor' of type [org.springframework.scheduling.concurrent.ThreadPoolTaskExecutor] is not eligible for getting processed by all BeanPostProcessors (for example: not eligible for auto-proxying)
2020-08-19 14:10:12,051|ExecutorConfigurationSupport.java|171|Initializing ExecutorService 'taskSchedudler'
2020-08-19 14:10:12,051|PostProcessorRegistrationDelegate.java|330|Bean 'taskSchedudler' of type [org.springframework.scheduling.concurrent.ThreadPoolTaskScheduler] is not eligible for getting processed by all BeanPostProcessors (for example: not eligible for auto-proxying)
2020-08-19 14:12:15,763|PostProcessorRegistrationDelegate.java|330|Bean '(inner bean)#205d38da' of type [java.util.concurrent.ThreadPoolExecutor$AbortPolicy] is not eligible for getting processed by all BeanPostProcessors (for example: not eligible for auto-proxying)
2020-08-19 14:12:15,775|ExecutorConfigurationSupport.java|171|Initializing ExecutorService
2020-08-19 14:12:15,820|PostProcessorRegistrationDelegate.java|330|Bean 'taskExecutor' of type [org.springframework.scheduling.config.TaskExecutorFactoryBean] is not eligible for getting processed by all BeanPostProcessors (for example: not eligible for auto-proxying)
2020-08-19 14:12:15,821|PostProcessorRegistrationDelegate.java|330|Bean 'taskExecutor' of type [org.springframework.scheduling.concurrent.ThreadPoolTaskExecutor] is not eligible for getting processed by all BeanPostProcessors (for example: not eligible for auto-proxying)
2020-08-19 14:12:15,863|ExecutorConfigurationSupport.java|171|Initializing ExecutorService 'taskSchedudler'
2020-08-19 14:12:15,863|PostProcessorRegistrationDelegate.java|330|Bean 'taskSchedudler' of type [org.springframework.scheduling.concurrent.ThreadPoolTaskScheduler] is not eligible for getting processed by all BeanPostProcessors (for example: not eligible for auto-proxying)
2020-08-19 14:36:02,109|PostProcessorRegistrationDelegate.java|330|Bean '(inner bean)#1b410b60' of type [java.util.concurrent.ThreadPoolExecutor$AbortPolicy] is not eligible for getting processed by all BeanPostProcessors (for example: not eligible for auto-proxying)
2020-08-19 14:36:02,124|ExecutorConfigurationSupport.java|171|Initializing ExecutorService
2020-08-19 14:36:02,126|PostProcessorRegistrationDelegate.java|330|Bean 'taskExecutor' of type [org.springframework.scheduling.config.TaskExecutorFactoryBean] is not eligible for getting processed by all BeanPostProcessors (for example: not eligible for auto-proxying)
2020-08-19 14:36:02,126|PostProcessorRegistrationDelegate.java|330|Bean 'taskExecutor' of type [org.springframework.scheduling.concurrent.ThreadPoolTaskExecutor] is not eligible for getting processed by all BeanPostProcessors (for example: not eligible for auto-proxying)
2020-08-19 14:36:02,185|ExecutorConfigurationSupport.java|171|Initializing ExecutorService 'taskSchedudler'
2020-08-19 14:36:02,185|PostProcessorRegistrationDelegate.java|330|Bean 'taskSchedudler' of type [org.springframework.scheduling.concurrent.ThreadPoolTaskScheduler] is not eligible for getting processed by all BeanPostProcessors (for example: not eligible for auto-proxying)
2020-08-19 14:54:11,003|PostProcessorRegistrationDelegate.java|330|Bean '(inner bean)#798162bc' of type [java.util.concurrent.ThreadPoolExecutor$AbortPolicy] is not eligible for getting processed by all BeanPostProcessors (for example: not eligible for auto-proxying)
2020-08-19 14:54:11,009|ExecutorConfigurationSupport.java|171|Initializing ExecutorService
2020-08-19 14:54:11,010|PostProcessorRegistrationDelegate.java|330|Bean 'taskExecutor' of type [org.springframework.scheduling.config.TaskExecutorFactoryBean] is not eligible for getting processed by all BeanPostProcessors (for example: not eligible for auto-proxying)
2020-08-19 14:54:11,010|PostProcessorRegistrationDelegate.java|330|Bean 'taskExecutor' of type [org.springframework.scheduling.concurrent.ThreadPoolTaskExecutor] is not eligible for getting processed by all BeanPostProcessors (for example: not eligible for auto-proxying)
2020-08-19 14:54:11,061|ExecutorConfigurationSupport.java|171|Initializing ExecutorService 'taskSchedudler'
2020-08-19 14:54:11,061|PostProcessorRegistrationDelegate.java|330|Bean 'taskSchedudler' of type [org.springframework.scheduling.concurrent.ThreadPoolTaskScheduler] is not eligible for getting processed by all BeanPostProcessors (for example: not eligible for auto-proxying)
